1.7501397221854746e+09	info	app/main.go:45	main: Успешное подключение к базе данных
1.7501397221854746e+09	info	app/main.go:64	main: JWTService успешно создан
1.7501397221854746e+09	info	routes/routes.go:13	INIT_ROUTER: Начало создания маршрутов	{"jwtServiceNotNil": true}
1.7501397221872344e+09	info	routes/routes.go:37	INIT_ROUTER: Создание маршрутов завершено
1.7501397221872344e+09	info	app/main.go:70	🚀 Сервер запущен на :8080
1.7501407332375057e+09	info	app/main.go:45	main: Успешное подключение к базе данных
1.7501407332391746e+09	info	app/main.go:64	main: JWTService успешно создан
1.7501407332391746e+09	info	routes/routes.go:13	INIT_ROUTER: Начало создания маршрутов	{"jwtServiceNotNil": true}
1.750140733241447e+09	info	routes/routes.go:37	INIT_ROUTER: Создание маршрутов завершено
1.750140733241447e+09	info	app/main.go:70	🚀 Сервер запущен на :8080
1.750221869337186e+09	info	app/main.go:45	main: Успешное подключение к базе данных
1.7502218693377573e+09	info	app/main.go:64	main: JWTService успешно создан
1.7502218693377573e+09	info	routes/routes.go:13	INIT_ROUTER: Начало создания маршрутов	{"jwtServiceNotNil": true}
1.7502218693388731e+09	info	routes/routes.go:37	INIT_ROUTER: Создание маршрутов завершено
1.7502218693388731e+09	info	app/main.go:70	🚀 Сервер запущен на :8080
1.750221950106464e+09	info	controllers/auth.go:40	Login запрос получен
1.7502219502541592e+09	info	controllers/auth.go:58	Login: Пользователь успешно авторизован	{"userID": 4}
1.7502219502551582e+09	info	controllers/auth.go:66	Login: Токены успешно сгенерированы	{"userID": 4}
1.7502219502551582e+09	info	controllers/auth.go:71	Login: Получены TTL для токенов	{"accessTokenTTL": 3600, "refreshTokenTTL": 604800}
1.7502258357425308e+09	info	app/main.go:45	main: Успешное подключение к базе данных
1.7502258357425308e+09	info	app/main.go:64	main: JWTService успешно создан
1.7502258357431355e+09	info	routes/routes.go:13	INIT_ROUTER: Начало создания маршрутов	{"jwtServiceNotNil": true}
1.7502258357454712e+09	info	routes/routes.go:37	INIT_ROUTER: Создание маршрутов завершено
1.7502258357460463e+09	info	app/main.go:70	🚀 Сервер запущен на :8080
1.7502258479781451e+09	info	controllers/auth.go:40	Login запрос получен
1.7502258480628822e+09	info	controllers/auth.go:58	Login: Пользователь успешно авторизован	{"userID": 4}
1.7502258480639262e+09	info	controllers/auth.go:66	Login: Токены успешно сгенерированы	{"userID": 4}
1.7502258480639262e+09	info	controllers/auth.go:71	Login: Получены TTL для токенов	{"accessTokenTTL": 3600, "refreshTokenTTL": 604800}
1.7503899871300206e+09	info	app/main.go:45	main: Успешное подключение к базе данных
1.7503899871324096e+09	info	app/main.go:64	main: JWTService успешно создан
1.7503899871329916e+09	info	routes/routes.go:13	INIT_ROUTER: Начало создания маршрутов	{"jwtServiceNotNil": true}
1.750389987136714e+09	info	routes/routes.go:37	INIT_ROUTER: Создание маршрутов завершено
1.750389987137259e+09	info	app/main.go:70	🚀 Сервер запущен на :8080
1.750390074088794e+09	info	controllers/auth.go:40	Login запрос получен
1.7503900742406244e+09	info	controllers/auth.go:58	Login: Пользователь успешно авторизован	{"userID": 4}
1.750390074241624e+09	info	controllers/auth.go:66	Login: Токены успешно сгенерированы	{"userID": 4}
1.750390074241624e+09	info	controllers/auth.go:71	Login: Получены TTL для токенов	{"accessTokenTTL": 3600, "refreshTokenTTL": 604800}
1.7503900780178437e+09	info	controllers/auth.go:40	Login запрос получен
1.7503900780926552e+09	info	controllers/auth.go:58	Login: Пользователь успешно авторизован	{"userID": 4}
1.7503900780926552e+09	info	controllers/auth.go:66	Login: Токены успешно сгенерированы	{"userID": 4}
1.7503900780926552e+09	info	controllers/auth.go:71	Login: Получены TTL для токенов	{"accessTokenTTL": 3600, "refreshTokenTTL": 604800}
1.7503900839319685e+09	info	controllers/auth.go:40	Login запрос получен
1.7503900840120296e+09	info	controllers/auth.go:58	Login: Пользователь успешно авторизован	{"userID": 4}
1.7503900840120296e+09	info	controllers/auth.go:66	Login: Токены успешно сгенерированы	{"userID": 4}
1.7503900840120296e+09	info	controllers/auth.go:71	Login: Получены TTL для токенов	{"accessTokenTTL": 3600, "refreshTokenTTL": 604800}
1.75039009375506e+09	info	controllers/auth.go:40	Login запрос получен
1.7503900938292253e+09	info	controllers/auth.go:58	Login: Пользователь успешно авторизован	{"userID": 4}
1.7503900938292253e+09	info	controllers/auth.go:66	Login: Токены успешно сгенерированы	{"userID": 4}
1.7503900938292253e+09	info	controllers/auth.go:71	Login: Получены TTL для токенов	{"accessTokenTTL": 3600, "refreshTokenTTL": 604800}
1.7503900949085314e+09	info	controllers/auth.go:40	Login запрос получен
1.750390094986613e+09	info	controllers/auth.go:58	Login: Пользователь успешно авторизован	{"userID": 4}
1.7503900949873319e+09	info	controllers/auth.go:66	Login: Токены успешно сгенерированы	{"userID": 4}
1.7503900949873319e+09	info	controllers/auth.go:71	Login: Получены TTL для токенов	{"accessTokenTTL": 3600, "refreshTokenTTL": 604800}
1.750390401628303e+09	info	app/main.go:45	main: Успешное подключение к базе данных
1.7503904016293538e+09	info	app/main.go:64	main: JWTService успешно создан
1.7503904016293538e+09	info	routes/routes.go:13	INIT_ROUTER: Начало создания маршрутов	{"jwtServiceNotNil": true}
1.7503904016332452e+09	info	routes/routes.go:37	INIT_ROUTER: Создание маршрутов завершено
1.7503904016337814e+09	info	app/main.go:70	🚀 Сервер запущен на :8080
